<?xml version="1.0" encoding="UTF-8"?>
<!-- Generated by org.testng.reporters.JUnitXMLReporter -->
<testsuite ignored="0" hostname="DESKTOP-26G0JUG" failures="0" tests="2" name="CalculateInterestRunScriptTest_Funding" time="629.853" errors="0" timestamp="2024-05-22T20:47:57 IST">
  <testcase classname="com.Funding.tests.CalculateInterestRunScriptTest" name="validateRunScriptWithAndWithoutDateSelection" time="629.473"/>
  <testcase classname="com.Funding.tests.CalculateInterestRunScriptTest" name="validateLaunchDateSortingAfterScriptRun" time="0.378"/>
</testsuite> <!-- CalculateInterestRunScriptTest_Funding -->
