<?xml version="1.0" encoding="UTF-8"?>
<!-- Generated by org.testng.reporters.JUnitXMLReporter -->
<testsuite ignored="0" hostname="DESKTOP-26G0JUG" failures="2" tests="11" name="FundingDatabaseTest_Funding" time="124.501" errors="0" timestamp="2024-05-23T12:32:37 IST">
  <testcase classname="com.Funding.tests.FundingDatabaseTest" name="validateFundingDatabaseVisibility" time="24.571"/>
  <testcase classname="com.Funding.tests.FundingDatabaseTest" name="validateDatabaseHeaderText" time="0.363"/>
  <testcase classname="com.Funding.tests.FundingDatabaseTest" name="validateDatabaseData" time="0.78"/>
  <testcase classname="com.Funding.tests.FundingDatabaseTest" name="validateDatabaseEdit" time="25.028"/>
  <testcase classname="com.Funding.tests.FundingDatabaseTest" name="validateSortIconVisibility" time="2.408"/>
  <testcase classname="com.Funding.tests.FundingDatabaseTest" name="validateSorting" time="13.413"/>
  <testcase classname="com.Funding.tests.FundingDatabaseTest" name="validateSearchIconVisibility" time="0.644"/>
  <testcase classname="com.Funding.tests.FundingDatabaseTest" name="validateInputAndResultInSearch" time="10.119">
    <failure type="java.lang.AssertionError" message="null">
      <![CDATA[java.lang.AssertionError: null
at com.Funding.tests.FundingDatabaseTest.validateInputAndResultInSearch(FundingDatabaseTest.java:839)
at java.base/java.util.ArrayList.forEach(ArrayList.java:1511)
... Removed 29 stack frames]]>
    </failure>
  </testcase> <!-- validateInputAndResultInSearch -->
  <testcase classname="com.Funding.tests.FundingDatabaseTest" name="validateFilterByStatus" time="25.243">
    <failure type="java.lang.AssertionError" message="null">
      <![CDATA[java.lang.AssertionError: null
at com.Funding.tests.FundingDatabaseTest.validateFilterByStatus(FundingDatabaseTest.java:898)
at java.base/java.util.ArrayList.forEach(ArrayList.java:1511)
... Removed 29 stack frames]]>
    </failure>
  </testcase> <!-- validateFilterByStatus -->
  <testcase classname="com.Funding.tests.FundingDatabaseTest" name="validateFilterByLoanFacilityType" time="10.512"/>
  <testcase classname="com.Funding.tests.FundingDatabaseTest" name="validateFilterByApprovalStatus" time="11.301"/>
</testsuite> <!-- FundingDatabaseTest_Funding -->
