<?xml version="1.0" encoding="UTF-8"?>
<!-- Generated by org.testng.reporters.JUnitXMLReporter -->
<testsuite ignored="0" hostname="DESKTOP-26G0JUG" failures="0" tests="64" name="InterestPaymentStep2Test_Funding" time="751.324" errors="0" timestamp="2024-03-05T17:08:35 IST">
  <testcase classname="com.Funding.InterestPayment.tests.InterestPaymentStep2Test" name="validateHealthIsHighlighted" time="24.407"/>
  <testcase classname="com.Funding.InterestPayment.tests.InterestPaymentStep2Test" name="validateHealthStepDetails" time="3.84"/>
  <testcase classname="com.Funding.InterestPayment.tests.InterestPaymentStep2Test" name="validateInterestPaymentDate" time="3.033"/>
  <testcase classname="com.Funding.InterestPayment.tests.InterestPaymentStep2Test" name="validateCalculationStartDate" time="2.96"/>
  <testcase classname="com.Funding.InterestPayment.tests.InterestPaymentStep2Test" name="validateSysetmHealthStatus" time="3.249"/>
  <testcase classname="com.Funding.InterestPayment.tests.InterestPaymentStep2Test" name="validateAllAllocationsFourSideArrowIcon" time="4.15"/>
  <testcase classname="com.Funding.InterestPayment.tests.InterestPaymentStep2Test" name="validateAllocationsBalancedPopupDetails" time="8.307"/>
  <testcase classname="com.Funding.InterestPayment.tests.InterestPaymentStep2Test" name="validateDetailsArrowDownIcon" time="11.969"/>
  <testcase classname="com.Funding.InterestPayment.tests.InterestPaymentStep2Test" name="validateFacilitysTotalAllocationVisibility" time="8.577"/>
  <testcase classname="com.Funding.InterestPayment.tests.InterestPaymentStep2Test" name="validateCloseButton" time="22.847"/>
  <testcase classname="com.Funding.InterestPayment.tests.InterestPaymentStep2Test" name="validateXIconButton" time="19.092"/>
  <testcase classname="com.Funding.InterestPayment.tests.InterestPaymentStep2Test" name="validateFacilityTableDetails" time="4.834"/>
  <testcase classname="com.Funding.InterestPayment.tests.InterestPaymentStep2Test" name="validateLoanAndFacilityAllocationDifference" time="9.5"/>
  <testcase classname="com.Funding.InterestPayment.tests.InterestPaymentStep2Test" name="validateAllAlocationHealthStatus" time="7.084"/>
  <testcase classname="com.Funding.InterestPayment.tests.InterestPaymentStep2Test" name="validateSortIconVisibility" time="7.634"/>
  <testcase classname="com.Funding.InterestPayment.tests.InterestPaymentStep2Test" name="validateDateAndAmountDifferenceSorting" time="8.344"/>
  <testcase classname="com.Funding.InterestPayment.tests.InterestPaymentStep2Test" name="validateNonZeroAmountDifferenceDate" time="10.53"/>
  <testcase classname="com.Funding.InterestPayment.tests.InterestPaymentStep2Test" name="validateNIMAnalysisFourSideArrowIcon" time="7.745"/>
  <testcase classname="com.Funding.InterestPayment.tests.InterestPaymentStep2Test" name="validateNIMAnalysisPopupDetails" time="7.88"/>
  <testcase classname="com.Funding.InterestPayment.tests.InterestPaymentStep2Test" name="validateInterestIncomeAmount" time="7.708"/>
  <testcase classname="com.Funding.InterestPayment.tests.InterestPaymentStep2Test" name="validateInterestExpenseAmount" time="7.83"/>
  <testcase classname="com.Funding.InterestPayment.tests.InterestPaymentStep2Test" name="validateNetInterestMarginAmount" time="7.836"/>
  <testcase classname="com.Funding.InterestPayment.tests.InterestPaymentStep2Test" name="validateCashInterestAmount" time="8.648"/>
  <testcase classname="com.Funding.InterestPayment.tests.InterestPaymentStep2Test" name="validateRegularInterestAmount" time="8.775"/>
  <testcase classname="com.Funding.InterestPayment.tests.InterestPaymentStep2Test" name="validateDefaultInterestAmount" time="8.215"/>
  <testcase classname="com.Funding.InterestPayment.tests.InterestPaymentStep2Test" name="validateNetInterestMargin" time="7.809"/>
  <testcase classname="com.Funding.InterestPayment.tests.InterestPaymentStep2Test" name="validateDetailsTextArrowIconVisibility" time="8.629"/>
  <testcase classname="com.Funding.InterestPayment.tests.InterestPaymentStep2Test" name="validateAllAllocationsDetailsArrowDownIcon" time="13.729"/>
  <testcase classname="com.Funding.InterestPayment.tests.InterestPaymentStep2Test" name="validateNIMAnalysisPopupCloseButton" time="23.873"/>
  <testcase classname="com.Funding.InterestPayment.tests.InterestPaymentStep2Test" name="validateNIMAnalysisPopupXIconButton" time="19.498"/>
  <testcase classname="com.Funding.InterestPayment.tests.InterestPaymentStep2Test" name="validateNimAnalysisFacilityTablesDetails" time="5.896"/>
  <testcase classname="com.Funding.InterestPayment.tests.InterestPaymentStep2Test" name="validateInterestIncomeAtNIMS" time="27.412"/>
  <testcase classname="com.Funding.InterestPayment.tests.InterestPaymentStep2Test" name="validateInterestExpenseOfEachFacility" time="28.842"/>
  <testcase classname="com.Funding.InterestPayment.tests.InterestPaymentStep2Test" name="validateCashInterestOfEachFacility" time="28.95"/>
  <testcase classname="com.Funding.InterestPayment.tests.InterestPaymentStep2Test" name="validateRegularInterestOfEachFacility" time="28.027"/>
  <testcase classname="com.Funding.InterestPayment.tests.InterestPaymentStep2Test" name="validateResrveDetailsLoanAmount" time="28.02"/>
  <testcase classname="com.Funding.InterestPayment.tests.InterestPaymentStep2Test" name="validateDefaultInterestOfEachFacility" time="28.841"/>
  <testcase classname="com.Funding.InterestPayment.tests.InterestPaymentStep2Test" name="validateDefaultInterestPaidEachFacility" time="28.706"/>
  <testcase classname="com.Funding.InterestPayment.tests.InterestPaymentStep2Test" name="validateLoanAmountOfFacilty" time="10.492"/>
  <testcase classname="com.Funding.InterestPayment.tests.InterestPaymentStep2Test" name="validateTotalLoanAmountOfFacilities" time="5.796"/>
  <testcase classname="com.Funding.InterestPayment.tests.InterestPaymentStep2Test" name="validateLoanAmountOfAllFacilities" time="8.493"/>
  <testcase classname="com.Funding.InterestPayment.tests.InterestPaymentStep2Test" name="validateLoanCarriedForwardLoanAmount" time="6.264"/>
  <testcase classname="com.Funding.InterestPayment.tests.InterestPaymentStep2Test" name="validateTotalCarriedForwardLoanAmount" time="6.59"/>
  <testcase classname="com.Funding.InterestPayment.tests.InterestPaymentStep2Test" name="validateCarriedForwardAmountOfAllFacilities" time="9.125"/>
  <testcase classname="com.Funding.InterestPayment.tests.InterestPaymentStep2Test" name="validateForecastedValue" time="9.252"/>
  <testcase classname="com.Funding.InterestPayment.tests.InterestPaymentStep2Test" name="validateForecastPercentage" time="5.836"/>
  <testcase classname="com.Funding.InterestPayment.tests.InterestPaymentStep2Test" name="validateDayCountFractionSection" time="3.845"/>
  <testcase classname="com.Funding.InterestPayment.tests.InterestPaymentStep2Test" name="validateLastPeriodNumberOfDaysInStep2" time="6.288"/>
  <testcase classname="com.Funding.InterestPayment.tests.InterestPaymentStep2Test" name="validateThisPeriodNumberOfDaysValue" time="5.564"/>
  <testcase classname="com.Funding.InterestPayment.tests.InterestPaymentStep2Test" name="validateLastMonthDCFValue" time="5.764"/>
  <testcase classname="com.Funding.InterestPayment.tests.InterestPaymentStep2Test" name="validateThisMonthDCFValue" time="5.692"/>
  <testcase classname="com.Funding.InterestPayment.tests.InterestPaymentStep2Test" name="validateDCFAdjustmentValue" time="5.507"/>
  <testcase classname="com.Funding.InterestPayment.tests.InterestPaymentStep2Test" name="validateDeferredInterestCheckTableDetails" time="3.738"/>
  <testcase classname="com.Funding.InterestPayment.tests.InterestPaymentStep2Test" name="validateLoangeneratedDeferredInterest" time="33.017"/>
  <testcase classname="com.Funding.InterestPayment.tests.InterestPaymentStep2Test" name="validateInternalReference" time="16.398"/>
  <testcase classname="com.Funding.InterestPayment.tests.InterestPaymentStep2Test" name="validateLastMonthValue" time="15.432"/>
  <testcase classname="com.Funding.InterestPayment.tests.InterestPaymentStep2Test" name="validateThisMonthValue" time="10.871"/>
  <testcase classname="com.Funding.InterestPayment.tests.InterestPaymentStep2Test" name="validateDeferredChangeSumAmount" time="7.593"/>
  <testcase classname="com.Funding.InterestPayment.tests.InterestPaymentStep2Test" name="validateDeferredDayCount" time="32.694"/>
  <testcase classname="com.Funding.InterestPayment.tests.InterestPaymentStep2Test" name="validateRateChangesCheckDetails" time="7.955"/>
  <testcase classname="com.Funding.InterestPayment.tests.InterestPaymentStep2Test" name="validateBackAndNextStepButtonVisibility" time="3.575"/>
  <testcase classname="com.Funding.InterestPayment.tests.InterestPaymentStep2Test" name="validateHealthBackAndNextStepButton" time="11.148"/>
  <testcase classname="com.Funding.InterestPayment.tests.InterestPaymentStep2Test" name="validateHealthBackStepButton" time="5.425"/>
  <testcase classname="com.Funding.InterestPayment.tests.InterestPaymentStep2Test" name="validateHealthNextStepButton" time="5.506"/>
</testsuite> <!-- InterestPaymentStep2Test_Funding -->
