<?xml version="1.0" encoding="UTF-8"?>
<!-- Generated by org.testng.reporters.JUnitXMLReporter -->
<testsuite ignored="0" hostname="DESKTOP-26G0JUG" failures="0" tests="18" name="InterestPaymentStep5Test_Funding" time="224.691" errors="0" timestamp="2024-03-05T16:50:25 IST">
  <testcase classname="com.Funding.InterestPayment.tests.InterestPaymentStep5Test" name="validateNavigationToStep5" time="27.38"/>
  <testcase classname="com.Funding.InterestPayment.tests.InterestPaymentStep5Test" name="validateCalculationStartAndEndDate" time="6.093"/>
  <testcase classname="com.Funding.InterestPayment.tests.InterestPaymentStep5Test" name="validateFacilityTableColumnsVisibility" time="5.457"/>
  <testcase classname="com.Funding.InterestPayment.tests.InterestPaymentStep5Test" name="validateInternalReferenceOfAllFacilities" time="8.481"/>
  <testcase classname="com.Funding.InterestPayment.tests.InterestPaymentStep5Test" name="validateFacilityNameCorrespondingInternalReference" time="17.617"/>
  <testcase classname="com.Funding.InterestPayment.tests.InterestPaymentStep5Test" name="validateFacilityAmountPayable" time="8.673"/>
  <testcase classname="com.Funding.InterestPayment.tests.InterestPaymentStep5Test" name="validateCarriedForwardLoanAmount" time="8.694"/>
  <testcase classname="com.Funding.InterestPayment.tests.InterestPaymentStep5Test" name="validateOverallSectionVisibility" time="5.592"/>
  <testcase classname="com.Funding.InterestPayment.tests.InterestPaymentStep5Test" name="validateInterestIncomeAtStep5" time="5.334"/>
  <testcase classname="com.Funding.InterestPayment.tests.InterestPaymentStep5Test" name="validateInterestExpenseAtStep5" time="5.569"/>
  <testcase classname="com.Funding.InterestPayment.tests.InterestPaymentStep5Test" name="validateNetInterestMarginAtStep5" time="21.814"/>
  <testcase classname="com.Funding.InterestPayment.tests.InterestPaymentStep5Test" name="validateCustomerLoansSectionVisibility" time="5.524"/>
  <testcase classname="com.Funding.InterestPayment.tests.InterestPaymentStep5Test" name="validateInterestIncomeUnderCustomerLoansAtStep5" time="5.737"/>
  <testcase classname="com.Funding.InterestPayment.tests.InterestPaymentStep5Test" name="validateNIMAnalysisSectionVisibility" time="5.75"/>
  <testcase classname="com.Funding.InterestPayment.tests.InterestPaymentStep5Test" name="validateCashInterestAmountAtStep5" time="21.81"/>
  <testcase classname="com.Funding.InterestPayment.tests.InterestPaymentStep5Test" name="validateLoanInterestAmountAtStep5" time="21.935"/>
  <testcase classname="com.Funding.InterestPayment.tests.InterestPaymentStep5Test" name="validateDefaultInterestAmountAtStep5" time="21.592"/>
  <testcase classname="com.Funding.InterestPayment.tests.InterestPaymentStep5Test" name="validateNetAmountAtStep5" time="21.531"/>
</testsuite> <!-- InterestPaymentStep5Test_Funding -->
