<?xml version="1.0" encoding="UTF-8"?>
<!-- Generated by org.testng.reporters.JUnitXMLReporter -->
<testsuite ignored="0" hostname="DESKTOP-26G0JUG" failures="0" tests="2" name="LoansTest_Reporting" time="39.981" errors="0" timestamp="2024-05-23T18:49:42 IST">
  <testcase classname="com.Reporting.tests.test1" name="validateCreditPerformance" time="30.268"/>
  <testcase classname="com.Reporting.tests.test1" name="validateLiveLoansPercentage" time="9.669"/>
</testsuite> <!-- LoansTest_Reporting -->
