<?xml version="1.0" encoding="UTF-8"?>
<!-- Generated by org.testng.reporters.JUnitXMLReporter -->
<testsuite ignored="0" hostname="DESKTOP-26G0JUG" failures="0" tests="10" name="LoanSample_Reporting" time="96.361" errors="0" timestamp="2024-05-20T19:13:19 IST">
  <testcase classname="com.Reporting.tests.LoanSample" name="validateCashBalanceSectionAmountsVisibility" time="30.745"/>
  <testcase classname="com.Reporting.tests.LoanSample" name="validateCashBalanceSectionOpeningAmount" time="5.502"/>
  <testcase classname="com.Reporting.tests.LoanSample" name="validateCashBalanceSectionClosingAmount" time="5.33"/>
  <testcase classname="com.Reporting.tests.LoanSample" name="validateCashBalanceSectionLoanInAmount" time="5.476"/>
  <testcase classname="com.Reporting.tests.LoanSample" name="validateCashBalanceSectionLoanOutAmount" time="5.412"/>
  <testcase classname="com.Reporting.tests.LoanSample" name="validateCashBalanceSectionFacilitiesInAmount" time="6.291"/>
  <testcase classname="com.Reporting.tests.LoanSample" name="validateCashBalanceSectionFacilitiesOutAmount" time="5.1"/>
  <testcase classname="com.Reporting.tests.LoanSample" name="validateLoanBalanceTableColumnsVisibility" time="3.885"/>
  <testcase classname="com.Reporting.tests.LoanSample" name="validateNavigationToNewLoanSummaryTab" time="8.706"/>
  <testcase classname="com.Reporting.tests.LoanSample" name="validateLoanBlanceTableAscendingOrderDataSorting" time="19.807"/>
</testsuite> <!-- LoanSample_Reporting -->
