<?xml version="1.0" encoding="UTF-8"?>
<!-- Generated by org.testng.reporters.JUnitXMLReporter -->
<testsuite ignored="0" hostname="DESKTOP-26G0JUG" failures="0" tests="14" name="NewLoanLiveTest_Loans" time="424.235" errors="0" timestamp="2024-05-23T14:59:19 IST">
  <testcase classname="com.Loans.NewLoan.tests.NewLoanLiveTest" name="validateRepaymentPopup" time="99.56"/>
  <testcase classname="com.Loans.NewLoan.tests.NewLoanLiveTest" name="validateCancelInRepaymentPopup" time="35.318"/>
  <testcase classname="com.Loans.NewLoan.tests.NewLoanLiveTest" name="validatePopupInFullRepayment" time="6.264"/>
  <testcase classname="com.Loans.NewLoan.tests.NewLoanLiveTest" name="validateCancelBeforeFullRepayment" time="35.984"/>
  <testcase classname="com.Loans.NewLoan.tests.NewLoanLiveTest" name="validateInterestRefundPopup" time="7.083"/>
  <testcase classname="com.Loans.NewLoan.tests.NewLoanLiveTest" name="validateCancelInterestRefundPopup" time="36.375"/>
  <testcase classname="com.Loans.NewLoan.tests.NewLoanLiveTest" name="validateWarningInInterestRefundPopup" time="7.709"/>
  <testcase classname="com.Loans.NewLoan.tests.NewLoanLiveTest" name="validateRepaidStatusAfterConfirmationNo" time="67.309"/>
  <testcase classname="com.Loans.NewLoan.tests.NewLoanLiveTest" name="validateRepaidStatusAfterConfirmationYes" time="41.506"/>
  <testcase classname="com.Loans.NewLoan.tests.NewLoanLiveTest" name="validateHistoryAfterFullRepayment" time="0.723"/>
  <testcase classname="com.Loans.NewLoan.tests.NewLoanLiveTest" name="validateCashflowAfterFullRepayment" time="0.487"/>
  <testcase classname="com.Loans.NewLoan.tests.NewLoanLiveTest" name="validateSummayAfterFullRepayment" time="0.688"/>
  <testcase classname="com.Loans.NewLoan.tests.NewLoanLiveTest" name="validatePopupInPartialRepayment" time="6.897"/>
  <testcase classname="com.Loans.NewLoan.tests.NewLoanLiveTest" name="validateCashflowAndSummaryAfterPartialRepayment" time="78.313"/>
</testsuite> <!-- NewLoanLiveTest_Loans -->
