<?xml version="1.0" encoding="UTF-8"?>
<!-- Generated by org.testng.reporters.JUnitXMLReporter -->
<testsuite ignored="0" hostname="DESKTOP-26G0JUG" failures="0" tests="8" name="PipelineTest_Pipeline" time="161.715" errors="0" timestamp="2024-05-23T17:35:08 IST">
  <testcase classname="com.Pipeline.tests.PipelineTest" name="validatePipelineVisibility" time="54.357"/>
  <testcase classname="com.Pipeline.tests.PipelineTest" name="validatePipelineOptions" time="2.037"/>
  <testcase classname="com.Pipeline.tests.PipelineTest" name="validatePipelineDatabase" time="9.803"/>
  <testcase classname="com.Pipeline.tests.PipelineTest" name="validatePipelineDatabaseActionColumn" time="0.995"/>
  <testcase classname="com.Pipeline.tests.PipelineTest" name="validateArchive" time="45.159"/>
  <testcase classname="com.Pipeline.tests.PipelineTest" name="validateEditButtonNavigation" time="3.057"/>
  <testcase classname="com.Pipeline.tests.PipelineTest" name="validateEdit" time="24.784"/>
  <testcase classname="com.Pipeline.tests.PipelineTest" name="validateMoveToBridgeLoanDatabase" time="21.47"/>
</testsuite> <!-- PipelineTest_Pipeline -->
