<?xml version="1.0" encoding="UTF-8"?>
<!-- Generated by org.testng.reporters.JUnitXMLReporter -->
<testsuite ignored="0" hostname="DESKTOP-26G0JUG" failures="1" tests="14" name="SingleTest_Treasury" time="325.443" errors="0" timestamp="2024-05-22T18:31:18 IST">
  <testcase classname="com.Treasury.tests.SingleTest" name="validateTreasuryVisibility" time="22.43"/>
  <testcase classname="com.Treasury.tests.SingleTest" name="validateTreasuryOptions" time="1.28"/>
  <testcase classname="com.Treasury.tests.SingleTest" name="validateSingleTreasury" time="8.387"/>
  <testcase classname="com.Treasury.tests.SingleTest" name="validateSingleTreasurySections" time="0.422"/>
  <testcase classname="com.Treasury.tests.SingleTest" name="validateAllocationInputsFields" time="0.666"/>
  <testcase classname="com.Treasury.tests.SingleTest" name="validateDataOnSelectingDateAndLoanReference" time="3.403"/>
  <testcase classname="com.Treasury.tests.SingleTest" name="validateAllocationPreviewOnSelectingDateAndLoanReference" time="8.555"/>
  <testcase classname="com.Treasury.tests.SingleTest" name="validateTerminatingFacility" time="9.567"/>
  <testcase classname="com.Treasury.tests.SingleTest" name="validateIncludeExcludeFacility" time="13.631"/>
  <testcase classname="com.Treasury.tests.SingleTest" name="validateUnallocatedAfterLoanDisbursement" time="115.163"/>
  <testcase classname="com.Treasury.tests.SingleTest" name="validateExcludeFacilityCurrentAllocation" time="77.19"/>
  <testcase classname="com.Treasury.tests.SingleTest" name="validateEqual" time="20.314"/>
  <testcase classname="com.Treasury.tests.SingleTest" name="validateProRata" time="13.219"/>
  <testcase classname="com.Treasury.tests.SingleTest" name="validateCheckOnRegionalLimits" time="31.086">
    <failure type="java.lang.AssertionError" message="null">
      <![CDATA[java.lang.AssertionError: null
at com.Treasury.tests.SingleTest.validateCheckOnRegionalLimits(SingleTest.java:1380)
at java.base/java.util.ArrayList.forEach(ArrayList.java:1511)
... Removed 29 stack frames]]>
    </failure>
  </testcase> <!-- validateCheckOnRegionalLimits -->
</testsuite> <!-- SingleTest_Treasury -->
